  PhysicsManager.cpp
f:\projects\games\survival\survival\engine\components\physics\physicsmanager.cpp(32): warning C4018: '<': signed/unsigned mismatch
f:\projects\games\survival\survival\engine\components\physics\physicsmanager.cpp(33): warning C4018: '<': signed/unsigned mismatch
  sprite2D.cpp
f:\projects\games\survival\survival\engine\components\sprite\sprite2d.cpp(10): warning C4244: 'argument': conversion from 'T' to 'int', possible loss of data
          with
          [
              T=float
          ]
f:\projects\games\survival\survival\engine\components\sprite\sprite2d.cpp(54): warning C4244: 'argument': conversion from 'T' to 'int', possible loss of data
          with
          [
              T=float
          ]
  gameEngine.cpp
  backgroundRenderer.cpp
f:\projects\games\survival\survival\engine\platform\renderer\backgroundrenderer.cpp(14): warning C4018: '<': signed/unsigned mismatch
  spriteRenderer.cpp
f:\projects\games\survival\survival\engine\platform\renderer\spriterenderer.cpp(16): warning C4018: '<': signed/unsigned mismatch
  player.cpp
  testState.cpp
f:\projects\games\survival\survival\game\gamestates\teststate.cpp(5): warning C4244: 'argument': conversion from 'time_t' to 'unsigned int', possible loss of data
f:\projects\games\survival\survival\game\gamestates\teststate.cpp(41): warning C4018: '<': signed/unsigned mismatch
  main.cpp
  Generating Code...
  Survival.vcxproj -> F:\Projects\Games\Survival\Debug\Survival.exe
